<?xml version="1.0" encoding="UTF-8"?>
<!-- Generated by org.testng.reporters.JUnitReportReporter -->
<testsuite hostname="DESKTOP-JJJ8CRA" failures="0" tests="1" name="com.TestNGProgram.LaunchURL" time="5.115" errors="0" timestamp="2025-05-13T16:42:16 IST" skipped="0">
  <testcase classname="com.TestNGProgram.LaunchURL" name="launchURL" time="5.115"/>
</testsuite> <!-- com.TestNGProgram.LaunchURL -->
